#
# There is insufficient memory for the Java Runtime Environment to continue.
# Native memory allocation (malloc) failed to allocate 730096 bytes for Chunk::new
# Possible reasons:
#   The system is out of physical RAM or swap space
#   The process is running with CompressedOops enabled, and the Java Heap may be blocking the growth of the native heap
# Possible solutions:
#   Reduce memory load on the system
#   Increase physical memory or swap space
#   Check if swap backing store is full
#   Decrease Java heap size (-Xmx/-Xms)
#   Decrease number of Java threads
#   Decrease Java thread stack sizes (-Xss)
#   Set larger code cache with -XX:ReservedCodeCacheSize=
#   JVM is running with Unscaled Compressed Oops mode in which the Java heap is
#     placed in the first 4GB address space. The Java Heap base address is the
#     maximum limit for the native heap growth. Please use -XX:HeapBaseMinAddress
#     to set the Java Heap base and to place the Java Heap above 4GB virtual address.
# This output file may be truncated or incomplete.
#
#  Out of Memory Error (./open/src/hotspot/share/memory/arena.cpp:197), pid=41964, tid=52228
#
# JRE version: Java(TM) SE Runtime Environment 18.9 (11.0.13+10) (build 11.0.13+10-LTS-370)
# Java VM: Java HotSpot(TM) 64-Bit Server VM 18.9 (11.0.13+10-LTS-370, mixed mode, tiered, compressed oops, g1 gc, windows-amd64)
# No core dump will be written. Minidumps are not enabled by default on client versions of Windows
#

---------------  S U M M A R Y ------------

Command Line: -ea -Didea.test.cyclic.buffer.size=1048576 -javaagent:C:\Program Files\JetBrains\IntelliJ IDEA Community Edition 2021.2.2\lib\idea_rt.jar=63722:C:\Program Files\JetBrains\IntelliJ IDEA Community Edition 2021.2.2\bin -Dfile.encoding=UTF-8 com.intellij.rt.testng.RemoteTestNGStarter -usedefaultlisteners false -socket63721 @w@C:\Users\hoang\AppData\Local\Temp\idea_working_dirs_testng.tmp -temp C:\Users\hoang\AppData\Local\Temp\idea_testng.tmp

Host: Intel(R) Core(TM) i5-8265U CPU @ 1.60GHz, 8 cores, 7G,  Windows 10 , 64 bit Build 19041 (10.0.19041.1503)
Time: Mon Feb 21 23:27:32 2022 SE Asia Standard Time elapsed time: 3.206456 seconds (0d 0h 0m 3s)

---------------  T H R E A D  ---------------

Current thread (0x00000291301be800):  JavaThread "C2 CompilerThread1" daemon [_thread_in_native, id=52228, stack(0x000000eeec200000,0x000000eeec300000)]


Current CompileTask:
C2:   3207 1422 %     4       jdk.internal.loader.URLClassPath::getResource @ 39 (74 bytes)

Stack: [0x000000eeec200000,0x000000eeec300000]
Native frames: (J=compiled Java code, j=interpreted, Vv=VM code, C=native code)
V  [jvm.dll+0x62870a]
V  [jvm.dll+0x761f2f]
V  [jvm.dll+0x7635d9]
V  [jvm.dll+0x763c63]
V  [jvm.dll+0x23d728]
V  [jvm.dll+0xb293c]
V  [jvm.dll+0xb2efc]
V  [jvm.dll+0x340872]
V  [jvm.dll+0x30e603]
V  [jvm.dll+0x30d94a]
V  [jvm.dll+0x1f8255]
V  [jvm.dll+0x1f743d]
V  [jvm.dll+0x177991]
V  [jvm.dll+0x206d84]
V  [jvm.dll+0x204ebb]
V  [jvm.dll+0x727e70]
V  [jvm.dll+0x720a54]
V  [jvm.dll+0x627606]
C  [ucrtbase.dll+0x21bb2]
C  [KERNEL32.dll+0x17034]
C  [ntdll.dll+0x52651]


---------------  P R O C E S S  ---------------

Threads class SMR info:
_java_thread_list=0x000002912feb0bd0, length=12, elements={
0x000002910f4fc000, 0x000002912f2dd800, 0x000002912f2e6800, 0x000002912fb57800,
0x000002912fb58800, 0x000002912fb5a800, 0x000002912fb61000, 0x000002912fb64000,
0x000002912fb68800, 0x000002912fcca000, 0x000002912fdf9000, 0x00000291301be800
}

Java Threads: ( => current thread )
  0x000002910f4fc000 JavaThread "main" [_thread_in_Java, id=45500, stack(0x000000eeeb200000,0x000000eeeb300000)]
  0x000002912f2dd800 JavaThread "Reference Handler" daemon [_thread_blocked, id=42852, stack(0x000000eeeb900000,0x000000eeeba00000)]
  0x000002912f2e6800 JavaThread "Finalizer" daemon [_thread_blocked, id=33324, stack(0x000000eeeba00000,0x000000eeebb00000)]
  0x000002912fb57800 JavaThread "Signal Dispatcher" daemon [_thread_blocked, id=33072, stack(0x000000eeebb00000,0x000000eeebc00000)]
  0x000002912fb58800 JavaThread "Attach Listener" daemon [_thread_blocked, id=17396, stack(0x000000eeebc00000,0x000000eeebd00000)]
  0x000002912fb5a800 JavaThread "Service Thread" daemon [_thread_blocked, id=35836, stack(0x000000eeebd00000,0x000000eeebe00000)]
  0x000002912fb61000 JavaThread "C2 CompilerThread0" daemon [_thread_in_native, id=44480, stack(0x000000eeebe00000,0x000000eeebf00000)]
  0x000002912fb64000 JavaThread "C1 CompilerThread0" daemon [_thread_in_vm, id=28628, stack(0x000000eeebf00000,0x000000eeec000000)]
  0x000002912fb68800 JavaThread "Sweeper thread" daemon [_thread_blocked, id=22168, stack(0x000000eeec000000,0x000000eeec100000)]
  0x000002912fcca000 JavaThread "Common-Cleaner" daemon [_thread_blocked, id=16172, stack(0x000000eeec100000,0x000000eeec200000)]
  0x000002912fdf9000 JavaThread "Monitor Ctrl-Break" daemon [_thread_in_native, id=9676, stack(0x000000eeec300000,0x000000eeec400000)]
=>0x00000291301be800 JavaThread "C2 CompilerThread1" daemon [_thread_in_native, id=52228, stack(0x000000eeec200000,0x000000eeec300000)]

Other Threads:
  0x000002912f2da800 VMThread "VM Thread" [stack: 0x000000eeeb800000,0x000000eeeb900000] [id=44768]
  0x000002912feb1000 WatcherThread [stack: 0x000000eeec400000,0x000000eeec500000] [id=26168]
  0x000002910f510800 GCTaskThread "GC Thread#0" [stack: 0x000000eeeb300000,0x000000eeeb400000] [id=32984]
  0x0000029130718000 GCTaskThread "GC Thread#1" [stack: 0x000000eeec500000,0x000000eeec600000] [id=37448]
  0x0000029130a3a000 GCTaskThread "GC Thread#2" [stack: 0x000000eeec600000,0x000000eeec700000] [id=48476]
  0x000002910f541000 ConcurrentGCThread "G1 Main Marker" [stack: 0x000000eeeb400000,0x000000eeeb500000] [id=43488]
  0x000002910f542800 ConcurrentGCThread "G1 Conc#0" [stack: 0x000000eeeb500000,0x000000eeeb600000] [id=12956]
  0x000002912f13e800 ConcurrentGCThread "G1 Refine#0" [stack: 0x000000eeeb600000,0x000000eeeb700000] [id=40552]
  0x000002912f13f800 ConcurrentGCThread "G1 Young RemSet Sampling" [stack: 0x000000eeeb700000,0x000000eeeb800000] [id=26772]

Threads with active compile tasks:
C2 CompilerThread0   3448 1560       4       java.lang.String$CaseInsensitiveComparator::compare (13 bytes)
C2 CompilerThread1   3448 1422 %     4       jdk.internal.loader.URLClassPath::getResource @ 39 (74 bytes)

VM state:not at safepoint (normal execution)

VM Mutex/Monitor currently owned by a thread: None

Heap address: 0x0000000081e00000, size: 2018 MB, Compressed Oops mode: 32-bit
Narrow klass base: 0x0000000000000000, Narrow klass shift: 3
Compressed class space size: 1073741824 Address: 0x0000000100000000

Heap:
 garbage-first heap   total 131072K, used 22197K [0x0000000081e00000, 0x0000000100000000)
  region size 1024K, 21 young (21504K), 3 survivors (3072K)
 Metaspace       used 18060K, capacity 18439K, committed 18560K, reserved 1064960K
  class space    used 1940K, capacity 2106K, committed 2176K, reserved 1048576K
Heap Regions: E=young(eden), S=young(survivor), O=old, HS=humongous(starts), HC=humongous(continues), CS=collection set, F=free, A=archive, TAMS=top-at-mark-start (previous, next)
|   0|0x0000000081e00000, 0x0000000081f00000, 0x0000000081f00000|100%| O|  |TAMS 0x0000000081e00000, 0x0000000081e00000| Untracked 
|   1|0x0000000081f00000, 0x0000000081fad600, 0x0000000082000000| 67%| O|  |TAMS 0x0000000081f00000, 0x0000000081f00000| Untracked 
|   2|0x0000000082000000, 0x0000000082000000, 0x0000000082100000|  0%| F|  |TAMS 0x0000000082000000, 0x0000000082000000| Untracked 
|   3|0x0000000082100000, 0x0000000082100000, 0x0000000082200000|  0%| F|  |TAMS 0x0000000082100000, 0x0000000082100000| Untracked 
|   4|0x0000000082200000, 0x0000000082200000, 0x0000000082300000|  0%| F|  |TAMS 0x0000000082200000, 0x0000000082200000| Untracked 
|   5|0x0000000082300000, 0x0000000082300000, 0x0000000082400000|  0%| F|  |TAMS 0x0000000082300000, 0x0000000082300000| Untracked 
|   6|0x0000000082400000, 0x0000000082400000, 0x0000000082500000|  0%| F|  |TAMS 0x0000000082400000, 0x0000000082400000| Untracked 
|   7|0x0000000082500000, 0x0000000082500000, 0x0000000082600000|  0%| F|  |TAMS 0x0000000082500000, 0x0000000082500000| Untracked 
|   8|0x0000000082600000, 0x0000000082600000, 0x0000000082700000|  0%| F|  |TAMS 0x0000000082600000, 0x0000000082600000| Untracked 
|   9|0x0000000082700000, 0x0000000082700000, 0x0000000082800000|  0%| F|  |TAMS 0x0000000082700000, 0x0000000082700000| Untracked 
|  10|0x0000000082800000, 0x0000000082800000, 0x0000000082900000|  0%| F|  |TAMS 0x0000000082800000, 0x0000000082800000| Untracked 
|  11|0x0000000082900000, 0x0000000082900000, 0x0000000082a00000|  0%| F|  |TAMS 0x0000000082900000, 0x0000000082900000| Untracked 
|  12|0x0000000082a00000, 0x0000000082a00000, 0x0000000082b00000|  0%| F|  |TAMS 0x0000000082a00000, 0x0000000082a00000| Untracked 
|  13|0x0000000082b00000, 0x0000000082b00000, 0x0000000082c00000|  0%| F|  |TAMS 0x0000000082b00000, 0x0000000082b00000| Untracked 
|  14|0x0000000082c00000, 0x0000000082c00000, 0x0000000082d00000|  0%| F|  |TAMS 0x0000000082c00000, 0x0000000082c00000| Untracked 
|  15|0x0000000082d00000, 0x0000000082d00000, 0x0000000082e00000|  0%| F|  |TAMS 0x0000000082d00000, 0x0000000082d00000| Untracked 
|  16|0x0000000082e00000, 0x0000000082e00000, 0x0000000082f00000|  0%| F|  |TAMS 0x0000000082e00000, 0x0000000082e00000| Untracked 
|  17|0x0000000082f00000, 0x0000000082f00000, 0x0000000083000000|  0%| F|  |TAMS 0x0000000082f00000, 0x0000000082f00000| Untracked 
|  18|0x0000000083000000, 0x0000000083000000, 0x0000000083100000|  0%| F|  |TAMS 0x0000000083000000, 0x0000000083000000| Untracked 
|  19|0x0000000083100000, 0x0000000083100000, 0x0000000083200000|  0%| F|  |TAMS 0x0000000083100000, 0x0000000083100000| Untracked 
|  20|0x0000000083200000, 0x0000000083200000, 0x0000000083300000|  0%| F|  |TAMS 0x0000000083200000, 0x0000000083200000| Untracked 
|  21|0x0000000083300000, 0x0000000083300000, 0x0000000083400000|  0%| F|  |TAMS 0x0000000083300000, 0x0000000083300000| Untracked 
|  22|0x0000000083400000, 0x0000000083400000, 0x0000000083500000|  0%| F|  |TAMS 0x0000000083400000, 0x0000000083400000| Untracked 
|  23|0x0000000083500000, 0x0000000083500000, 0x0000000083600000|  0%| F|  |TAMS 0x0000000083500000, 0x0000000083500000| Untracked 
|  24|0x0000000083600000, 0x0000000083600000, 0x0000000083700000|  0%| F|  |TAMS 0x0000000083600000, 0x0000000083600000| Untracked 
|  25|0x0000000083700000, 0x0000000083700000, 0x0000000083800000|  0%| F|  |TAMS 0x0000000083700000, 0x0000000083700000| Untracked 
|  26|0x0000000083800000, 0x0000000083800000, 0x0000000083900000|  0%| F|  |TAMS 0x0000000083800000, 0x0000000083800000| Untracked 
|  27|0x0000000083900000, 0x0000000083900000, 0x0000000083a00000|  0%| F|  |TAMS 0x0000000083900000, 0x0000000083900000| Untracked 
|  28|0x0000000083a00000, 0x0000000083a00000, 0x0000000083b00000|  0%| F|  |TAMS 0x0000000083a00000, 0x0000000083a00000| Untracked 
|  29|0x0000000083b00000, 0x0000000083b00000, 0x0000000083c00000|  0%| F|  |TAMS 0x0000000083b00000, 0x0000000083b00000| Untracked 
|  30|0x0000000083c00000, 0x0000000083c00000, 0x0000000083d00000|  0%| F|  |TAMS 0x0000000083c00000, 0x0000000083c00000| Untracked 
|  31|0x0000000083d00000, 0x0000000083d00000, 0x0000000083e00000|  0%| F|  |TAMS 0x0000000083d00000, 0x0000000083d00000| Untracked 
|  32|0x0000000083e00000, 0x0000000083e00000, 0x0000000083f00000|  0%| F|  |TAMS 0x0000000083e00000, 0x0000000083e00000| Untracked 
|  33|0x0000000083f00000, 0x0000000083f00000, 0x0000000084000000|  0%| F|  |TAMS 0x0000000083f00000, 0x0000000083f00000| Untracked 
|  34|0x0000000084000000, 0x0000000084000000, 0x0000000084100000|  0%| F|  |TAMS 0x0000000084000000, 0x0000000084000000| Untracked 
|  35|0x0000000084100000, 0x0000000084100000, 0x0000000084200000|  0%| F|  |TAMS 0x0000000084100000, 0x0000000084100000| Untracked 
|  36|0x0000000084200000, 0x0000000084200000, 0x0000000084300000|  0%| F|  |TAMS 0x0000000084200000, 0x0000000084200000| Untracked 
|  37|0x0000000084300000, 0x0000000084300000, 0x0000000084400000|  0%| F|  |TAMS 0x0000000084300000, 0x0000000084300000| Untracked 
|  38|0x0000000084400000, 0x0000000084400000, 0x0000000084500000|  0%| F|  |TAMS 0x0000000084400000, 0x0000000084400000| Untracked 
|  39|0x0000000084500000, 0x0000000084500000, 0x0000000084600000|  0%| F|  |TAMS 0x0000000084500000, 0x0000000084500000| Untracked 
|  40|0x0000000084600000, 0x0000000084600000, 0x0000000084700000|  0%| F|  |TAMS 0x0000000084600000, 0x0000000084600000| Untracked 
|  41|0x0000000084700000, 0x0000000084700000, 0x0000000084800000|  0%| F|  |TAMS 0x0000000084700000, 0x0000000084700000| Untracked 
|  42|0x0000000084800000, 0x0000000084800000, 0x0000000084900000|  0%| F|  |TAMS 0x0000000084800000, 0x0000000084800000| Untracked 
|  43|0x0000000084900000, 0x0000000084900000, 0x0000000084a00000|  0%| F|  |TAMS 0x0000000084900000, 0x0000000084900000| Untracked 
|  44|0x0000000084a00000, 0x0000000084a00000, 0x0000000084b00000|  0%| F|  |TAMS 0x0000000084a00000, 0x0000000084a00000| Untracked 
|  45|0x0000000084b00000, 0x0000000084b00000, 0x0000000084c00000|  0%| F|  |TAMS 0x0000000084b00000, 0x0000000084b00000| Untracked 
|  46|0x0000000084c00000, 0x0000000084c00000, 0x0000000084d00000|  0%| F|  |TAMS 0x0000000084c00000, 0x0000000084c00000| Untracked 
|  47|0x0000000084d00000, 0x0000000084d00000, 0x0000000084e00000|  0%| F|  |TAMS 0x0000000084d00000, 0x0000000084d00000| Untracked 
|  48|0x0000000084e00000, 0x0000000084e00000, 0x0000000084f00000|  0%| F|  |TAMS 0x0000000084e00000, 0x0000000084e00000| Untracked 
|  49|0x0000000084f00000, 0x0000000084f00000, 0x0000000085000000|  0%| F|  |TAMS 0x0000000084f00000, 0x0000000084f00000| Untracked 
|  50|0x0000000085000000, 0x0000000085000000, 0x0000000085100000|  0%| F|  |TAMS 0x0000000085000000, 0x0000000085000000| Untracked 
|  51|0x0000000085100000, 0x0000000085100000, 0x0000000085200000|  0%| F|  |TAMS 0x0000000085100000, 0x0000000085100000| Untracked 
|  52|0x0000000085200000, 0x0000000085200000, 0x0000000085300000|  0%| F|  |TAMS 0x0000000085200000, 0x0000000085200000| Untracked 
|  53|0x0000000085300000, 0x0000000085300000, 0x0000000085400000|  0%| F|  |TAMS 0x0000000085300000, 0x0000000085300000| Untracked 
|  54|0x0000000085400000, 0x0000000085400000, 0x0000000085500000|  0%| F|  |TAMS 0x0000000085400000, 0x0000000085400000| Untracked 
|  55|0x0000000085500000, 0x0000000085500000, 0x0000000085600000|  0%| F|  |TAMS 0x0000000085500000, 0x0000000085500000| Untracked 
|  56|0x0000000085600000, 0x0000000085600000, 0x0000000085700000|  0%| F|  |TAMS 0x0000000085600000, 0x0000000085600000| Untracked 
|  57|0x0000000085700000, 0x0000000085700000, 0x0000000085800000|  0%| F|  |TAMS 0x0000000085700000, 0x0000000085700000| Untracked 
|  58|0x0000000085800000, 0x0000000085800000, 0x0000000085900000|  0%| F|  |TAMS 0x0000000085800000, 0x0000000085800000| Untracked 
|  59|0x0000000085900000, 0x0000000085900000, 0x0000000085a00000|  0%| F|  |TAMS 0x0000000085900000, 0x0000000085900000| Untracked 
|  60|0x0000000085a00000, 0x0000000085a00000, 0x0000000085b00000|  0%| F|  |TAMS 0x0000000085a00000, 0x0000000085a00000| Untracked 
|  61|0x0000000085b00000, 0x0000000085b00000, 0x0000000085c00000|  0%| F|  |TAMS 0x0000000085b00000, 0x0000000085b00000| Untracked 
|  62|0x0000000085c00000, 0x0000000085c00000, 0x0000000085d00000|  0%| F|  |TAMS 0x0000000085c00000, 0x0000000085c00000| Untracked 
|  63|0x0000000085d00000, 0x0000000085d00000, 0x0000000085e00000|  0%| F|  |TAMS 0x0000000085d00000, 0x0000000085d00000| Untracked 
|  64|0x0000000085e00000, 0x0000000085e00000, 0x0000000085f00000|  0%| F|  |TAMS 0x0000000085e00000, 0x0000000085e00000| Untracked 
|  65|0x0000000085f00000, 0x0000000085f00000, 0x0000000086000000|  0%| F|  |TAMS 0x0000000085f00000, 0x0000000085f00000| Untracked 
|  66|0x0000000086000000, 0x0000000086000000, 0x0000000086100000|  0%| F|  |TAMS 0x0000000086000000, 0x0000000086000000| Untracked 
|  67|0x0000000086100000, 0x0000000086100000, 0x0000000086200000|  0%| F|  |TAMS 0x0000000086100000, 0x0000000086100000| Untracked 
|  68|0x0000000086200000, 0x0000000086200000, 0x0000000086300000|  0%| F|  |TAMS 0x0000000086200000, 0x0000000086200000| Untracked 
|  69|0x0000000086300000, 0x0000000086300000, 0x0000000086400000|  0%| F|  |TAMS 0x0000000086300000, 0x0000000086300000| Untracked 
|  70|0x0000000086400000, 0x0000000086400000, 0x0000000086500000|  0%| F|  |TAMS 0x0000000086400000, 0x0000000086400000| Untracked 
|  71|0x0000000086500000, 0x0000000086500000, 0x0000000086600000|  0%| F|  |TAMS 0x0000000086500000, 0x0000000086500000| Untracked 
|  72|0x0000000086600000, 0x0000000086600000, 0x0000000086700000|  0%| F|  |TAMS 0x0000000086600000, 0x0000000086600000| Untracked 
|  73|0x0000000086700000, 0x0000000086700000, 0x0000000086800000|  0%| F|  |TAMS 0x0000000086700000, 0x0000000086700000| Untracked 
|  74|0x0000000086800000, 0x0000000086800000, 0x0000000086900000|  0%| F|  |TAMS 0x0000000086800000, 0x0000000086800000| Untracked 
|  75|0x0000000086900000, 0x0000000086900000, 0x0000000086a00000|  0%| F|  |TAMS 0x0000000086900000, 0x0000000086900000| Untracked 
|  76|0x0000000086a00000, 0x0000000086a00000, 0x0000000086b00000|  0%| F|  |TAMS 0x0000000086a00000, 0x0000000086a00000| Untracked 
|  77|0x0000000086b00000, 0x0000000086b00000, 0x0000000086c00000|  0%| F|  |TAMS 0x0000000086b00000, 0x0000000086b00000| Untracked 
|  78|0x0000000086c00000, 0x0000000086c00000, 0x0000000086d00000|  0%| F|  |TAMS 0x0000000086c00000, 0x0000000086c00000| Untracked 
|  79|0x0000000086d00000, 0x0000000086d00000, 0x0000000086e00000|  0%| F|  |TAMS 0x0000000086d00000, 0x0000000086d00000| Untracked 
|  80|0x0000000086e00000, 0x0000000086e00000, 0x0000000086f00000|  0%| F|  |TAMS 0x0000000086e00000, 0x0000000086e00000| Untracked 
|  81|0x0000000086f00000, 0x0000000086f00000, 0x0000000087000000|  0%| F|  |TAMS 0x0000000086f00000, 0x0000000086f00000| Untracked 
|  82|0x0000000087000000, 0x0000000087000000, 0x0000000087100000|  0%| F|  |TAMS 0x0000000087000000, 0x0000000087000000| Untracked 
|  83|0x0000000087100000, 0x0000000087100000, 0x0000000087200000|  0%| F|  |TAMS 0x0000000087100000, 0x0000000087100000| Untracked 
|  84|0x0000000087200000, 0x0000000087200000, 0x0000000087300000|  0%| F|  |TAMS 0x0000000087200000, 0x0000000087200000| Untracked 
|  85|0x0000000087300000, 0x0000000087300000, 0x0000000087400000|  0%| F|  |TAMS 0x0000000087300000, 0x0000000087300000| Untracked 
|  86|0x0000000087400000, 0x0000000087400000, 0x0000000087500000|  0%| F|  |TAMS 0x0000000087400000, 0x0000000087400000| Untracked 
|  87|0x0000000087500000, 0x0000000087500000, 0x0000000087600000|  0%| F|  |TAMS 0x0000000087500000, 0x0000000087500000| Untracked 
|  88|0x0000000087600000, 0x0000000087600000, 0x0000000087700000|  0%| F|  |TAMS 0x0000000087600000, 0x0000000087600000| Untracked 
|  89|0x0000000087700000, 0x0000000087700000, 0x0000000087800000|  0%| F|  |TAMS 0x0000000087700000, 0x0000000087700000| Untracked 
|  90|0x0000000087800000, 0x0000000087800000, 0x0000000087900000|  0%| F|  |TAMS 0x0000000087800000, 0x0000000087800000| Untracked 
|  91|0x0000000087900000, 0x0000000087900000, 0x0000000087a00000|  0%| F|  |TAMS 0x0000000087900000, 0x0000000087900000| Untracked 
|  92|0x0000000087a00000, 0x0000000087a00000, 0x0000000087b00000|  0%| F|  |TAMS 0x0000000087a00000, 0x0000000087a00000| Untracked 
|  93|0x0000000087b00000, 0x0000000087b00000, 0x0000000087c00000|  0%| F|  |TAMS 0x0000000087b00000, 0x0000000087b00000| Untracked 
|  94|0x0000000087c00000, 0x0000000087c00000, 0x0000000087d00000|  0%| F|  |TAMS 0x0000000087c00000, 0x0000000087c00000| Untracked 
|  95|0x0000000087d00000, 0x0000000087d00000, 0x0000000087e00000|  0%| F|  |TAMS 0x0000000087d00000, 0x0000000087d00000| Untracked 
|  96|0x0000000087e00000, 0x0000000087e00000, 0x0000000087f00000|  0%| F|  |TAMS 0x0000000087e00000, 0x0000000087e00000| Untracked 
|  97|0x0000000087f00000, 0x0000000087f00000, 0x0000000088000000|  0%| F|  |TAMS 0x0000000087f00000, 0x0000000087f00000| Untracked 
|  98|0x0000000088000000, 0x0000000088000000, 0x0000000088100000|  0%| F|  |TAMS 0x0000000088000000, 0x0000000088000000| Untracked 
|  99|0x0000000088100000, 0x0000000088100000, 0x0000000088200000|  0%| F|  |TAMS 0x0000000088100000, 0x0000000088100000| Untracked 
| 100|0x0000000088200000, 0x0000000088200000, 0x0000000088300000|  0%| F|  |TAMS 0x0000000088200000, 0x0000000088200000| Untracked 
| 101|0x0000000088300000, 0x0000000088400000, 0x0000000088400000|100%| S|CS|TAMS 0x0000000088300000, 0x0000000088300000| Complete 
| 102|0x0000000088400000, 0x0000000088500000, 0x0000000088500000|100%| S|CS|TAMS 0x0000000088400000, 0x0000000088400000| Complete 
| 103|0x0000000088500000, 0x0000000088600000, 0x0000000088600000|100%| S|CS|TAMS 0x0000000088500000, 0x0000000088500000| Complete 
| 104|0x0000000088600000, 0x0000000088600000, 0x0000000088700000|  0%| F|  |TAMS 0x0000000088600000, 0x0000000088600000| Untracked 
| 105|0x0000000088700000, 0x0000000088700000, 0x0000000088800000|  0%| F|  |TAMS 0x0000000088700000, 0x0000000088700000| Untracked 
| 106|0x0000000088800000, 0x0000000088800000, 0x0000000088900000|  0%| F|  |TAMS 0x0000000088800000, 0x0000000088800000| Untracked 
| 107|0x0000000088900000, 0x0000000088900000, 0x0000000088a00000|  0%| F|  |TAMS 0x0000000088900000, 0x0000000088900000| Untracked 
| 108|0x0000000088a00000, 0x0000000088a00000, 0x0000000088b00000|  0%| F|  |TAMS 0x0000000088a00000, 0x0000000088a00000| Untracked 
| 109|0x0000000088b00000, 0x0000000088b00000, 0x0000000088c00000|  0%| F|  |TAMS 0x0000000088b00000, 0x0000000088b00000| Untracked 
| 110|0x0000000088c00000, 0x0000000088d00000, 0x0000000088d00000|100%| E|  |TAMS 0x0000000088c00000, 0x0000000088c00000| Complete 
| 111|0x0000000088d00000, 0x0000000088e00000, 0x0000000088e00000|100%| E|CS|TAMS 0x0000000088d00000, 0x0000000088d00000| Complete 
| 112|0x0000000088e00000, 0x0000000088f00000, 0x0000000088f00000|100%| E|CS|TAMS 0x0000000088e00000, 0x0000000088e00000| Complete 
| 113|0x0000000088f00000, 0x0000000089000000, 0x0000000089000000|100%| E|CS|TAMS 0x0000000088f00000, 0x0000000088f00000| Complete 
| 114|0x0000000089000000, 0x0000000089100000, 0x0000000089100000|100%| E|CS|TAMS 0x0000000089000000, 0x0000000089000000| Complete 
| 115|0x0000000089100000, 0x0000000089200000, 0x0000000089200000|100%| E|CS|TAMS 0x0000000089100000, 0x0000000089100000| Complete 
| 116|0x0000000089200000, 0x0000000089300000, 0x0000000089300000|100%| E|CS|TAMS 0x0000000089200000, 0x0000000089200000| Complete 
| 117|0x0000000089300000, 0x0000000089400000, 0x0000000089400000|100%| E|CS|TAMS 0x0000000089300000, 0x0000000089300000| Complete 
| 118|0x0000000089400000, 0x0000000089500000, 0x0000000089500000|100%| E|CS|TAMS 0x0000000089400000, 0x0000000089400000| Complete 
| 119|0x0000000089500000, 0x0000000089600000, 0x0000000089600000|100%| E|CS|TAMS 0x0000000089500000, 0x0000000089500000| Complete 
| 120|0x0000000089600000, 0x0000000089700000, 0x0000000089700000|100%| E|CS|TAMS 0x0000000089600000, 0x0000000089600000| Complete 
| 121|0x0000000089700000, 0x0000000089800000, 0x0000000089800000|100%| E|CS|TAMS 0x0000000089700000, 0x0000000089700000| Complete 
| 122|0x0000000089800000, 0x0000000089900000, 0x0000000089900000|100%| E|CS|TAMS 0x0000000089800000, 0x0000000089800000| Complete 
| 123|0x0000000089900000, 0x0000000089a00000, 0x0000000089a00000|100%| E|CS|TAMS 0x0000000089900000, 0x0000000089900000| Complete 
| 124|0x0000000089a00000, 0x0000000089b00000, 0x0000000089b00000|100%| E|CS|TAMS 0x0000000089a00000, 0x0000000089a00000| Complete 
| 125|0x0000000089b00000, 0x0000000089c00000, 0x0000000089c00000|100%| E|CS|TAMS 0x0000000089b00000, 0x0000000089b00000| Complete 
| 126|0x0000000089c00000, 0x0000000089d00000, 0x0000000089d00000|100%| E|CS|TAMS 0x0000000089c00000, 0x0000000089c00000| Complete 
| 127|0x0000000089d00000, 0x0000000089e00000, 0x0000000089e00000|100%| E|CS|TAMS 0x0000000089d00000, 0x0000000089d00000| Complete 

Card table byte_map: [0x0000029128150000,0x0000029128550000] _byte_map_base: 0x0000029127d41000

Marking Bits (Prev, Next): (CMBitMap*) 0x000002910f538338, (CMBitMap*) 0x000002910f538370
 Prev Bits: [0x0000029128950000, 0x000002912a8d8000)
 Next Bits: [0x000002912a8e0000, 0x000002912c868000)

Polling page: 0x000002910f1f0000

Metaspace:

Usage:
  Non-class:     16.01 MB capacity,    15.80 MB ( 99%) used,   185.36 KB (  1%) free+waste,    36.88 KB ( <1%) overhead. 
      Class:      2.06 MB capacity,     1.90 MB ( 92%) used,   141.07 KB (  7%) free+waste,    17.81 KB ( <1%) overhead. 
       Both:     18.07 MB capacity,    17.70 MB ( 98%) used,   326.43 KB (  2%) free+waste,    54.69 KB ( <1%) overhead. 

Virtual space:
  Non-class space:       18.00 MB reserved,      16.25 MB ( 90%) committed 
      Class space:        1.00 GB reserved,       2.13 MB ( <1%) committed 
             Both:        1.02 GB reserved,      18.38 MB (  2%) committed 

Chunk freelists:
   Non-Class:  6.38 KB
       Class:  768 bytes
        Both:  7.13 KB

CodeHeap 'non-profiled nmethods': size=120000Kb used=590Kb max_used=590Kb free=119409Kb
 bounds [0x000002911fdb0000, 0x0000029120020000, 0x00000291272e0000]
CodeHeap 'profiled nmethods': size=120000Kb used=2804Kb max_used=2804Kb free=117195Kb
 bounds [0x0000029118880000, 0x0000029118b40000, 0x000002911fdb0000]
CodeHeap 'non-nmethods': size=5760Kb used=1129Kb max_used=1143Kb free=4630Kb
 bounds [0x00000291182e0000, 0x0000029118550000, 0x0000029118880000]
 total_blobs=2040 nmethods=1582 adapters=370
 compilation: enabled
              stopped_count=0, restarted_count=0
 full_count=0

Compilation events (10 events):
Event: 3.116 Thread 0x000002912fb64000 nmethod 1438 0x0000029118af9f10 code [0x0000029118afa0c0, 0x0000029118afa248]
Event: 3.116 Thread 0x000002912fb64000 1439       3       sun.reflect.generics.visitor.Reifier::visitClassTypeSignature (381 bytes)
Event: 3.118 Thread 0x000002912fb64000 nmethod 1439 0x0000029118afa310 code [0x0000029118afa7e0, 0x0000029118afcb98]
Event: 3.118 Thread 0x000002912fb64000 1435       1       java.lang.reflect.Method::getRoot (5 bytes)
Event: 3.118 Thread 0x000002912fb64000 nmethod 1435 0x000002911fe39b10 code [0x000002911fe39ca0, 0x000002911fe39d58]
Event: 3.119 Thread 0x000002912fb64000 1441       3       java.lang.Class::privateGetDeclaredMethods (64 bytes)
Event: 3.119 Thread 0x000002912fb64000 nmethod 1441 0x0000029118afd990 code [0x0000029118afdba0, 0x0000029118afe318]
Event: 3.119 Thread 0x000002912fb61000 nmethod 1437 0x000002911fe39e10 code [0x000002911fe39fc0, 0x000002911fe3a298]
Event: 3.119 Thread 0x000002912fb61000 1440       4       java.nio.ByteBuffer::position (8 bytes)
Event: 3.120 Thread 0x000002912fb61000 nmethod 1440 0x000002911fe3a610 code [0x000002911fe3a780, 0x000002911fe3a838]

GC Heap History (2 events):
Event: 2.601 GC heap before
{Heap before GC invocations=0 (full 0):
 garbage-first heap   total 131072K, used 23552K [0x0000000081e00000, 0x0000000100000000)
  region size 1024K, 24 young (24576K), 0 survivors (0K)
 Metaspace       used 13321K, capacity 13563K, committed 13824K, reserved 1060864K
  class space    used 1347K, capacity 1439K, committed 1536K, reserved 1048576K
}
Event: 2.606 GC heap after
{Heap after GC invocations=1 (full 0):
 garbage-first heap   total 131072K, used 4789K [0x0000000081e00000, 0x0000000100000000)
  region size 1024K, 3 young (3072K), 3 survivors (3072K)
 Metaspace       used 13321K, capacity 13563K, committed 13824K, reserved 1060864K
  class space    used 1347K, capacity 1439K, committed 1536K, reserved 1048576K
}

Deoptimization events (10 events):
Event: 1.971 Thread 0x000002910f4fc000 Uncommon trap: reason=bimorphic_or_optimized_type_check action=maybe_recompile pc=0x000002911fddda5c method=java.util.HashMap.putVal(ILjava/lang/Object;Ljava/lang/Object;ZZ)Ljava/lang/Object; @ 56 c2
Event: 2.022 Thread 0x000002910f4fc000 Uncommon trap: reason=unstable_if action=reinterpret pc=0x000002911fdd67b8 method=java.lang.StringLatin1.indexOf([BI[BII)I @ 91 c2
Event: 2.023 Thread 0x000002910f4fc000 Uncommon trap: reason=unstable_if action=reinterpret pc=0x000002911fdc8660 method=java.io.WinNTFileSystem.isSlash(C)Z @ 9 c2
Event: 2.049 Thread 0x000002910f4fc000 Uncommon trap: reason=unstable_if action=reinterpret pc=0x000002911fdd10e4 method=java.lang.String.startsWith(Ljava/lang/String;I)Z @ 1 c2
Event: 2.409 Thread 0x000002910f4fc000 Uncommon trap: reason=class_check action=maybe_recompile pc=0x000002911fdbbadc method=java.lang.String.equals(Ljava/lang/Object;)Z @ 8 c2
Event: 2.447 Thread 0x000002910f4fc000 Uncommon trap: reason=bimorphic_or_optimized_type_check action=maybe_recompile pc=0x000002911fdddc8c method=java.util.HashMap.putVal(ILjava/lang/Object;Ljava/lang/Object;ZZ)Ljava/lang/Object; @ 91 c2
Event: 2.447 Thread 0x000002910f4fc000 Uncommon trap: reason=bimorphic_or_optimized_type_check action=maybe_recompile pc=0x000002911fdddc8c method=java.util.HashMap.putVal(ILjava/lang/Object;Ljava/lang/Object;ZZ)Ljava/lang/Object; @ 91 c2
Event: 2.448 Thread 0x000002910f4fc000 Uncommon trap: reason=bimorphic_or_optimized_type_check action=maybe_recompile pc=0x000002911fdecfb8 method=java.util.HashMap.getNode(ILjava/lang/Object;)Ljava/util/HashMap$Node; @ 59 c2
Event: 2.753 Thread 0x000002910f4fc000 Uncommon trap: reason=unstable_if action=reinterpret pc=0x000002911fe18b2c method=java.util.concurrent.ConcurrentHashMap.putVal(Ljava/lang/Object;Ljava/lang/Object;Z)Ljava/lang/Object; @ 231 c2
Event: 3.012 Thread 0x000002910f4fc000 Uncommon trap: reason=unstable_if action=reinterpret pc=0x000002911fe26114 method=jdk.internal.org.objectweb.asm.Type.getArgumentsAndReturnSizes(Ljava/lang/String;)I @ 88 c2

Classes redefined (0 events):
No events

Internal exceptions (10 events):
Event: 2.486 Thread 0x000002910f4fc000 Exception <a 'java/lang/NoSuchMethodError'{0x0000000088cbd980}: java.lang.invoke.DirectMethodHandle$Holder.invokeStaticInit(Ljava/lang/Object;Ljava/lang/Object;Ljava/lang/Object;Ljava/lang/Object;)I> (0x0000000088cbd980) thrown at [./open/src/hotspot/shar
Event: 2.486 Thread 0x000002910f4fc000 Exception <a 'java/lang/IncompatibleClassChangeError'{0x0000000088cc78c8}: Found class java.lang.Object, but interface was expected> (0x0000000088cc78c8) thrown at [./open/src/hotspot/share/interpreter/linkResolver.cpp, line 838]
Event: 2.487 Thread 0x000002910f4fc000 Exception <a 'java/lang/NoSuchMethodError'{0x0000000088ccac30}: java.lang.invoke.DirectMethodHandle$Holder.invokeStaticInit(Ljava/lang/Object;Ljava/lang/Object;)V> (0x0000000088ccac30) thrown at [./open/src/hotspot/share/interpreter/linkResolver.cpp, line
Event: 2.488 Thread 0x000002910f4fc000 Exception <a 'java/lang/NoSuchMethodError'{0x0000000088cd0360}: java.lang.invoke.DirectMethodHandle$Holder.invokeStaticInit(Ljava/lang/Object;Ljava/lang/Object;)I> (0x0000000088cd0360) thrown at [./open/src/hotspot/share/interpreter/linkResolver.cpp, line
Event: 2.517 Thread 0x000002910f4fc000 Exception <a 'java/lang/NoSuchMethodError'{0x0000000088a0e8b8}: java.lang.invoke.DirectMethodHandle$Holder.invokeStaticInit(Ljava/lang/Object;Ljava/lang/Object;Ljava/lang/Object;)Ljava/lang/Object;> (0x0000000088a0e8b8) thrown at [./open/src/hotspot/share
Event: 2.908 Thread 0x000002910f4fc000 Exception <a 'java/lang/NoSuchMethodError'{0x000000008923fdd0}: java.lang.invoke.DirectMethodHandle$Holder.invokeStatic(Ljava/lang/Object;Ljava/lang/Object;Ljava/lang/Object;Ljava/lang/Object;Ljava/lang/Object;Ljava/lang/Object;Ljava/lang/Object;Ljava/lan
Event: 2.916 Thread 0x000002910f4fc000 Exception <a 'java/lang/NoSuchMethodError'{0x000000008925df70}: java.lang.invoke.DirectMethodHandle$Holder.invokeStatic(Ljava/lang/Object;Ljava/lang/Object;Ljava/lang/Object;Ljava/lang/Object;Ljava/lang/Object;Ljava/lang/Object;Ljava/lang/Object;Ljava/lan
Event: 2.921 Thread 0x000002910f4fc000 Exception <a 'java/lang/NoSuchMethodError'{0x000000008927cfa0}: java.lang.invoke.DirectMethodHandle$Holder.invokeStatic(Ljava/lang/Object;Ljava/lang/Object;Ljava/lang/Object;Ljava/lang/Object;Ljava/lang/Object;Ljava/lang/Object;Ljava/lang/Object;Ljava/lan
Event: 2.926 Thread 0x000002910f4fc000 Exception <a 'java/lang/NoSuchMethodError'{0x000000008929d898}: java.lang.invoke.DirectMethodHandle$Holder.invokeStatic(Ljava/lang/Object;Ljava/lang/Object;Ljava/lang/Object;Ljava/lang/Object;Ljava/lang/Object;Ljava/lang/Object;Ljava/lang/Object;Ljava/lan
Event: 3.011 Thread 0x000002910f4fc000 Exception <a 'java/lang/NoSuchMethodError'{0x0000000089102610}: java.lang.invoke.DirectMethodHandle$Holder.invokeStatic(Ljava/lang/Object;Ljava/lang/Object;Ljava/lang/Object;Ljava/lang/Object;Ljava/lang/Object;)I> (0x0000000089102610) thrown at [./open/sr

Events (10 events):
Event: 3.125 loading class javax/management/QueryExp
Event: 3.125 loading class javax/management/QueryExp done
Event: 3.125 loading class javax/management/ObjectName done
Event: 3.125 loading class javax/management/ObjectName$Property
Event: 3.125 loading class javax/management/ObjectName$Property done
Event: 3.125 loading class java/util/ComparableTimSort
Event: 3.125 loading class java/util/ComparableTimSort done
Event: 3.125 loading class javax/management/MBeanAttributeInfo
Event: 3.126 loading class javax/management/MBeanAttributeInfo done
Event: 3.126 loading class javax/management/NotificationBroadcasterSupport


Dynamic libraries:
0x00007ff7f0160000 - 0x00007ff7f016f000 	C:\Program Files\Java\jdk-11.0.13\bin\java.exe
0x00007ffbed8d0000 - 0x00007ffbedac5000 	C:\Windows\SYSTEM32\ntdll.dll
0x00007ffbec640000 - 0x00007ffbec6fe000 	C:\Windows\System32\KERNEL32.dll
0x00007ffbead70000 - 0x00007ffbeae97000 	C:\Windows\system32\hmpalert.dll
0x00007ffbeb130000 - 0x00007ffbeb3f8000 	C:\Windows\System32\KERNELBASE.dll
0x00007ffbeb400000 - 0x00007ffbeb500000 	C:\Windows\System32\ucrtbase.dll
0x00007ffbdd710000 - 0x00007ffbdd725000 	C:\Program Files\Java\jdk-11.0.13\bin\VCRUNTIME140.dll
0x00007ffbd54f0000 - 0x00007ffbd5508000 	C:\Program Files\Java\jdk-11.0.13\bin\jli.dll
0x00007ffbec9d0000 - 0x00007ffbeca7e000 	C:\Windows\System32\ADVAPI32.dll
0x00007ffbec300000 - 0x00007ffbec39e000 	C:\Windows\System32\msvcrt.dll
0x00007ffbed0a0000 - 0x00007ffbed13c000 	C:\Windows\System32\sechost.dll
0x00007ffbebee0000 - 0x00007ffbec005000 	C:\Windows\System32\RPCRT4.dll
0x00007ffbec4a0000 - 0x00007ffbec640000 	C:\Windows\System32\USER32.dll
0x00007ffbeafe0000 - 0x00007ffbeb002000 	C:\Windows\System32\win32u.dll
0x00007ffbec470000 - 0x00007ffbec49b000 	C:\Windows\System32\GDI32.dll
0x00007ffbeb500000 - 0x00007ffbeb60d000 	C:\Windows\System32\gdi32full.dll
0x00007ffbeb060000 - 0x00007ffbeb0fd000 	C:\Windows\System32\msvcp_win.dll
0x00007ffbd7980000 - 0x00007ffbd7c1a000 	C:\Windows\WinSxS\amd64_microsoft.windows.common-controls_6595b64144ccf1df_6.0.19041.1110_none_60b5254171f9507e\COMCTL32.dll
0x00007ffbe2740000 - 0x00007ffbe274a000 	C:\Windows\SYSTEM32\VERSION.dll
0x00007ffbeba70000 - 0x00007ffbebaa0000 	C:\Windows\System32\IMM32.DLL
0x00007ffbc0d90000 - 0x00007ffbc0e2b000 	C:\Program Files\Java\jdk-11.0.13\bin\msvcp140.dll
0x00007ffba9dc0000 - 0x00007ffbaa8d3000 	C:\Program Files\Java\jdk-11.0.13\bin\server\jvm.dll
0x00007ffbec450000 - 0x00007ffbec458000 	C:\Windows\System32\PSAPI.DLL
0x00007ffbe50e0000 - 0x00007ffbe50e9000 	C:\Windows\SYSTEM32\WSOCK32.dll
0x00007ffbe0480000 - 0x00007ffbe04a7000 	C:\Windows\SYSTEM32\WINMM.dll
0x00007ffbec130000 - 0x00007ffbec19b000 	C:\Windows\System32\WS2_32.dll
0x00007ffbe9720000 - 0x00007ffbe9732000 	C:\Windows\SYSTEM32\kernel.appcore.dll
0x00007ffbdd700000 - 0x00007ffbdd710000 	C:\Program Files\Java\jdk-11.0.13\bin\verify.dll
0x00007ffbe5c50000 - 0x00007ffbe5e34000 	C:\Windows\SYSTEM32\DBGHELP.DLL
0x00007ffbde950000 - 0x00007ffbde97c000 	C:\Windows\SYSTEM32\dbgcore.DLL
0x00007ffbeb6c0000 - 0x00007ffbeb742000 	C:\Windows\System32\bcryptPrimitives.dll
0x00007ffbd54c0000 - 0x00007ffbd54e8000 	C:\Program Files\Java\jdk-11.0.13\bin\java.dll
0x00007ffbd7e80000 - 0x00007ffbd7e8a000 	C:\Program Files\Java\jdk-11.0.13\bin\jimage.dll
0x00007ffbd5230000 - 0x00007ffbd523e000 	C:\Program Files\Java\jdk-11.0.13\bin\instrument.dll
0x00007ffbd54a0000 - 0x00007ffbd54b6000 	C:\Program Files\Java\jdk-11.0.13\bin\zip.dll
0x00007ffbed140000 - 0x00007ffbed884000 	C:\Windows\System32\SHELL32.dll
0x00007ffbe8f80000 - 0x00007ffbe9714000 	C:\Windows\SYSTEM32\windows.storage.dll
0x00007ffbebb20000 - 0x00007ffbebe75000 	C:\Windows\System32\combase.dll
0x00007ffbea890000 - 0x00007ffbea8be000 	C:\Windows\SYSTEM32\Wldp.dll
0x00007ffbec920000 - 0x00007ffbec9cd000 	C:\Windows\System32\SHCORE.dll
0x00007ffbed040000 - 0x00007ffbed095000 	C:\Windows\System32\shlwapi.dll
0x00007ffbeaf20000 - 0x00007ffbeaf3f000 	C:\Windows\SYSTEM32\profapi.dll
0x00007ffbd53c0000 - 0x00007ffbd53d9000 	C:\Program Files\Java\jdk-11.0.13\bin\net.dll
0x00007ffbe1df0000 - 0x00007ffbe1efc000 	C:\Windows\SYSTEM32\WINHTTP.dll
0x00007ffbea590000 - 0x00007ffbea5fa000 	C:\Windows\system32\mswsock.dll
0x00007ffbd5240000 - 0x00007ffbd5252000 	C:\Program Files\Java\jdk-11.0.13\bin\nio.dll
0x00007ffbd7ee0000 - 0x00007ffbd7efa000 	C:\Program Files\JetBrains\IntelliJ IDEA Community Edition 2021.2.2\bin\breakgen64.dll
0x00007ffbea780000 - 0x00007ffbea798000 	C:\Windows\SYSTEM32\CRYPTSP.dll
0x00007ffbe9f10000 - 0x00007ffbe9f44000 	C:\Windows\system32\rsaenh.dll
0x00007ffbeb100000 - 0x00007ffbeb127000 	C:\Windows\System32\bcrypt.dll
0x00007ffbeaee0000 - 0x00007ffbeaf0e000 	C:\Windows\SYSTEM32\USERENV.dll
0x00007ffbea7a0000 - 0x00007ffbea7ac000 	C:\Windows\SYSTEM32\CRYPTBASE.dll
0x00007ffbea280000 - 0x00007ffbea2bb000 	C:\Windows\SYSTEM32\IPHLPAPI.DLL
0x00007ffbec700000 - 0x00007ffbec708000 	C:\Windows\System32\NSI.dll
0x00007ffbe1780000 - 0x00007ffbe1797000 	C:\Windows\SYSTEM32\dhcpcsvc6.DLL
0x00007ffbe1890000 - 0x00007ffbe18ad000 	C:\Windows\SYSTEM32\dhcpcsvc.DLL
0x00007ffbea2d0000 - 0x00007ffbea39b000 	C:\Windows\SYSTEM32\DNSAPI.dll
0x00007ffbd5490000 - 0x00007ffbd5499000 	C:\Program Files\Java\jdk-11.0.13\bin\management.dll
0x00007ffbd5470000 - 0x00007ffbd547b000 	C:\Program Files\Java\jdk-11.0.13\bin\management_ext.dll
0x00007ffb97ac0000 - 0x00007ffb97ad7000 	C:\Windows\system32\napinsp.dll
0x00007ffb8c790000 - 0x00007ffb8c7ab000 	C:\Windows\system32\pnrpnsp.dll
0x00007ffbe2dc0000 - 0x00007ffbe2dd5000 	C:\Windows\system32\wshbth.dll
0x00007ffbe19e0000 - 0x00007ffbe19fd000 	C:\Windows\system32\NLAapi.dll
0x00007ffb8c770000 - 0x00007ffb8c782000 	C:\Windows\System32\winrnr.dll
0x00007ffbdd3f0000 - 0x00007ffbdd3fa000 	C:\Windows\System32\rasadhlp.dll
0x00007ffbdccc0000 - 0x00007ffbdcd3f000 	C:\Windows\System32\fwpuclnt.dll

dbghelp: loaded successfully - version: 4.0.5 - missing functions: none
symbol engine: initialized successfully - sym options: 0x614 - pdb path: .;C:\Program Files\Java\jdk-11.0.13\bin;C:\Windows\SYSTEM32;C:\Windows\WinSxS\amd64_microsoft.windows.common-controls_6595b64144ccf1df_6.0.19041.1110_none_60b5254171f9507e;C:\Program Files\Java\jdk-11.0.13\bin\server;C:\Program Files\JetBrains\IntelliJ IDEA Community Edition 2021.2.2\bin

VM Arguments:
jvm_args: -ea -Didea.test.cyclic.buffer.size=1048576 -javaagent:C:\Program Files\JetBrains\IntelliJ IDEA Community Edition 2021.2.2\lib\idea_rt.jar=63722:C:\Program Files\JetBrains\IntelliJ IDEA Community Edition 2021.2.2\bin -Dfile.encoding=UTF-8 
java_command: com.intellij.rt.testng.RemoteTestNGStarter -usedefaultlisteners false -socket63721 @w@C:\Users\hoang\AppData\Local\Temp\idea_working_dirs_testng.tmp -temp C:\Users\hoang\AppData\Local\Temp\idea_testng.tmp
java_class_path (initial): C:\Program Files\JetBrains\IntelliJ IDEA Community Edition 2021.2.2\lib\idea_rt.jar;C:\Program Files\JetBrains\IntelliJ IDEA Community Edition 2021.2.2\plugins\testng\lib\testng-rt.jar;C:\Users\hoang\IdeaProjects\E2Eproject\target\test-classes;C:\Users\hoang\IdeaProjects\E2Eproject\target\classes;C:\Users\hoang\.m2\repository\org\apache\maven\plugins\maven-compiler-plugin\3.8.1\maven-compiler-plugin-3.8.1.jar;C:\Users\hoang\.m2\repository\org\apache\maven\maven-plugin-api\3.0\maven-plugin-api-3.0.jar;C:\Users\hoang\.m2\repository\org\apache\maven\maven-model\3.0\maven-model-3.0.jar;C:\Users\hoang\.m2\repository\org\sonatype\sisu\sisu-inject-plexus\1.4.2\sisu-inject-plexus-1.4.2.jar;C:\Users\hoang\.m2\repository\org\sonatype\sisu\sisu-inject-bean\1.4.2\sisu-inject-bean-1.4.2.jar;C:\Users\hoang\.m2\repository\org\sonatype\sisu\sisu-guice\2.1.7\sisu-guice-2.1.7-noaop.jar;C:\Users\hoang\.m2\repository\org\apache\maven\maven-artifact\3.0\maven-artifact-3.0.jar;C:\Users\hoang\.m2\repository\org\codehaus\plexus\plexus-utils\2.0.4\plexus-utils-2.0.4.jar;C:\Users\hoang\.m2\repository\org\apache\maven\maven-core\3.0\maven-core-3.0.jar;C:\Users\hoang\.m2\repository\org\apache\maven\maven-settings\3.0\maven-settings-3.0.jar;C:\Users\hoang\.m2\repository\org\apache\maven\maven-settings-builder\3.0\maven-settings-builder-3.0.jar;C:\Users\hoang\.m2\repository\org\apache\maven\maven-repository-metadata\3.0\maven-repository-metadata-3.0.jar;C:\Users\hoang\.m2\repository\org\apache\maven\maven-model-builder\3.0\maven-model-builder-3.0.jar;C:\Users\hoang\.m2\repository\org\apache\maven\maven-aether-provider\3.0\maven-aether-provider-3.0.jar;C:\Users\hoang\.m2\repository\org\sonatype\aether\aether-impl\1.7\aether-impl-1.7.jar;C:\Users\hoang\.m2\repository\org\sonatype\aether\aether-spi\1.7\aether-spi-1.7.jar;C:\Users\hoang\.m2\repository\org\sonatype\aether\aether-api\1.7\aether-api-1.7.jar;C:\Users\hoang\.m2\repository\org\sonatype\aether\aether-util\1.7\a
Launcher Type: SUN_STANDARD

[Global flags]
     intx CICompilerCount                          = 4                                         {product} {ergonomic}
     uint ConcGCThreads                            = 2                                         {product} {ergonomic}
     uint G1ConcRefinementThreads                  = 8                                         {product} {ergonomic}
   size_t G1HeapRegionSize                         = 1048576                                   {product} {ergonomic}
    uintx GCDrainStackTargetSize                   = 64                                        {product} {ergonomic}
   size_t InitialHeapSize                          = 134217728                                 {product} {ergonomic}
   size_t MarkStackSize                            = 4194304                                   {product} {ergonomic}
   size_t MaxHeapSize                              = 2116026368                                {product} {ergonomic}
   size_t MaxNewSize                               = 1268776960                                {product} {ergonomic}
   size_t MinHeapDeltaBytes                        = 1048576                                   {product} {ergonomic}
    uintx NonNMethodCodeHeapSize                   = 5836300                                {pd product} {ergonomic}
    uintx NonProfiledCodeHeapSize                  = 122910970                              {pd product} {ergonomic}
    uintx ProfiledCodeHeapSize                     = 122910970                              {pd product} {ergonomic}
    uintx ReservedCodeCacheSize                    = 251658240                              {pd product} {ergonomic}
     bool SegmentedCodeCache                       = true                                      {product} {ergonomic}
     bool UseCompressedClassPointers               = true                                 {lp64_product} {ergonomic}
     bool UseCompressedOops                        = true                                 {lp64_product} {ergonomic}
     bool UseG1GC                                  = true                                      {product} {ergonomic}
     bool UseLargePagesIndividualAllocation        = false                                  {pd product} {ergonomic}

Logging:
Log output configuration:
 #0: stdout all=warning uptime,level,tags
 #1: stderr all=off uptime,level,tags

Environment Variables:
JAVA_HOME=C:\Program Files\Java\jdk-11.0.13
PATH=C:\Program Files\Java\jdk-11.0.13\bin;C:\Program Files\apache-maven-3.8.4-bin\apache-maven-3.8.4\bin;C:\Users\hoang\AppData\Local\Android\Sdk\platform-tools;C:\Users\hoang\AppData\Local\Android\Sdk\tools;C:\Program Files\Common Files\Oracle\Java\javapath;C:\Windows\system32;C:\Windows;C:\Windows\System32\Wbem;C:\Windows\System32\WindowsPowerShell\v1.0\;C:\Windows\System32\OpenSSH\;C:\Users\hoang\Downloads\chromedriver_win32 (3);C:\Users\hoang\AppData\Local\Programs\Python\Python310;C:\Users\hoang\AppData\Local\Programs\Python\Python310\Scripts;C:\Program Files\Git\cmd;C:\strawberry\c\bin;C:\strawberry\perl\bin;C:\Users\hoang\AppData\Local\Microsoft\WindowsApps;C:\Users\hoang\AppData\Local\GitHubDesktop\bin
USERNAME=hoang
OS=Windows_NT
PROCESSOR_IDENTIFIER=Intel64 Family 6 Model 142 Stepping 12, GenuineIntel



---------------  S Y S T E M  ---------------

OS: Windows 10 , 64 bit Build 19041 (10.0.19041.1503)

CPU:total 8 (initial active 8) (4 cores per cpu, 2 threads per core) family 6 model 142 stepping 12 microcode 0xca, cmov, cx8, fxsr, mmx, sse, sse2, sse3, ssse3, sse4.1, sse4.2, popcnt, avx, avx2, aes, clmul, erms, 3dnowpref, lzcnt, ht, tsc, tscinvbit, bmi1, bmi2, adx, fma

Memory: 4k page, system-wide physical 8068M (373M free)
TotalPageFile size 12068M (AvailPageFile size 3M)
current process WorkingSet (physical memory assigned to process): 95M, peak: 95M
current process commit charge ("private bytes"): 236M, peak: 236M

vm_info: Java HotSpot(TM) 64-Bit Server VM (11.0.13+10-LTS-370) for windows-amd64 JRE (11.0.13+10-LTS-370), built on Sep 15 2021 22:10:36 by "mach5one" with MS VC++ 15.9 (VS2017)

END.
